{
    "files": {
        "competition_app/__init__.py": {
            "excluded_lines": [],
            "executed_lines": [
                1
            ],
            "missing_lines": [],
            "summary": {
                "covered_lines": 0,
                "excluded_lines": 0,
                "missing_lines": 0,
                "num_statements": 0,
                "percent_covered": 100.0,
                "percent_covered_display": "100"
            }
        },
        "competition_app/admin.py": {
            "excluded_lines": [],
            "executed_lines": [
                1,
                2,
                3,
                5,
                8,
                9,
                11,
                12,
                15,
                16,
                17,
                19,
                22,
                23,
                25,
                26,
                29,
                30,
                31,
                33,
                34,
                37,
                38,
                39,
                41,
                42,
                45,
                46,
                47,
                49,
                52,
                53,
                54,
                56
            ],
            "missing_lines": [],
            "summary": {
                "covered_lines": 26,
                "excluded_lines": 0,
                "missing_lines": 0,
                "num_statements": 26,
                "percent_covered": 100.0,
                "percent_covered_display": "100"
            }
        },
        "competition_app/apps.py": {
            "excluded_lines": [],
            "executed_lines": [
                1,
                2,
                5,
                6,
                8,
                9
            ],
            "missing_lines": [],
            "summary": {
                "covered_lines": 4,
                "excluded_lines": 0,
                "missing_lines": 0,
                "num_statements": 4,
                "percent_covered": 100.0,
                "percent_covered_display": "100"
            }
        },
        "competition_app/config.py": {
            "excluded_lines": [],
            "executed_lines": [
                1,
                2,
                6
            ],
            "missing_lines": [],
            "summary": {
                "covered_lines": 2,
                "excluded_lines": 0,
                "missing_lines": 0,
                "num_statements": 2,
                "percent_covered": 100.0,
                "percent_covered_display": "100"
            }
        },
        "competition_app/forms.py": {
            "excluded_lines": [],
            "executed_lines": [
                1,
                7,
                8,
                9,
                12,
                13,
                15,
                16,
                17,
                19,
                20,
                22,
                23
            ],
            "missing_lines": [],
            "summary": {
                "covered_lines": 10,
                "excluded_lines": 0,
                "missing_lines": 0,
                "num_statements": 10,
                "percent_covered": 100.0,
                "percent_covered_display": "100"
            }
        },
        "competition_app/migrations/0001_initial.py": {
            "excluded_lines": [],
            "executed_lines": [
                3,
                4,
                5,
                6,
                7,
                10,
                12,
                14,
                18
            ],
            "missing_lines": [],
            "summary": {
                "covered_lines": 9,
                "excluded_lines": 0,
                "missing_lines": 0,
                "num_statements": 9,
                "percent_covered": 100.0,
                "percent_covered_display": "100"
            }
        },
        "competition_app/migrations/__init__.py": {
            "excluded_lines": [],
            "executed_lines": [
                1
            ],
            "missing_lines": [],
            "summary": {
                "covered_lines": 0,
                "excluded_lines": 0,
                "missing_lines": 0,
                "num_statements": 0,
                "percent_covered": 100.0,
                "percent_covered_display": "100"
            }
        },
        "competition_app/models.py": {
            "excluded_lines": [],
            "executed_lines": [
                1,
                10,
                11,
                12,
                14,
                15,
                16,
                17,
                19,
                22,
                29,
                32,
                33,
                35,
                37,
                38,
                41,
                51,
                52,
                58,
                68,
                69,
                75,
                76,
                78,
                83,
                84,
                87,
                88,
                90,
                95,
                96,
                99,
                111,
                115,
                116,
                118,
                128,
                129,
                134,
                137,
                138,
                140,
                141,
                142,
                144,
                145,
                147,
                155,
                156,
                157,
                162,
                163,
                169,
                171,
                180,
                187,
                189,
                190,
                191,
                192,
                193,
                196,
                197,
                199,
                200,
                202,
                208,
                216,
                217,
                218,
                223,
                225,
                232,
                234,
                235,
                236,
                237,
                238,
                241,
                242,
                244,
                249,
                251,
                262,
                269,
                271,
                272,
                275,
                276,
                277,
                280,
                281,
                283,
                293,
                294,
                295,
                296,
                298,
                303,
                309,
                312,
                313,
                315,
                316,
                317,
                318,
                324,
                326,
                337,
                338,
                339,
                344,
                345,
                346,
                347,
                349,
                352,
                356,
                358,
                365,
                367,
                368,
                371,
                372,
                373,
                376,
                377,
                379,
                385,
                393,
                394,
                395,
                400,
                402,
                403,
                404,
                405,
                407,
                408,
                415,
                417,
                418,
                425,
                427,
                428,
                435,
                437,
                438,
                445,
                447
            ],
            "missing_lines": [
                112,
                173,
                174,
                259,
                260,
                350,
                353,
                355,
                454
            ],
            "summary": {
                "covered_lines": 140,
                "excluded_lines": 0,
                "missing_lines": 9,
                "num_statements": 149,
                "percent_covered": 93.95973154362416,
                "percent_covered_display": "94"
            }
        },
        "competition_app/serializers.py": {
            "excluded_lines": [],
            "executed_lines": [
                1,
                2,
                4,
                7,
                8,
                10,
                11,
                12,
                15,
                16,
                18,
                19,
                20,
                23,
                24,
                26,
                27,
                29,
                30,
                31,
                34,
                35,
                37,
                39,
                40,
                41
            ],
            "missing_lines": [],
            "summary": {
                "covered_lines": 21,
                "excluded_lines": 0,
                "missing_lines": 0,
                "num_statements": 21,
                "percent_covered": 100.0,
                "percent_covered_display": "100"
            }
        },
        "competition_app/urls.py": {
            "excluded_lines": [],
            "executed_lines": [
                1,
                2,
                3,
                5,
                7,
                8,
                9,
                10,
                11,
                13
            ],
            "missing_lines": [],
            "summary": {
                "covered_lines": 9,
                "excluded_lines": 0,
                "missing_lines": 0,
                "num_statements": 9,
                "percent_covered": 100.0,
                "percent_covered_display": "100"
            }
        },
        "competition_app/views.py": {
            "excluded_lines": [],
            "executed_lines": [
                1,
                2,
                4,
                5,
                6,
                7,
                8,
                9,
                11,
                12,
                13,
                16,
                25,
                35,
                46,
                47,
                49,
                50,
                51,
                52,
                54,
                55,
                56,
                57,
                58,
                59,
                60,
                61,
                62,
                65,
                66,
                67,
                70,
                83,
                84,
                94,
                95,
                96,
                97,
                98,
                99,
                100,
                101,
                103,
                104,
                109,
                112,
                118,
                119,
                122,
                123,
                125,
                126,
                128,
                139,
                140,
                141,
                142,
                143,
                144,
                147,
                158,
                159,
                161,
                162,
                163,
                165,
                177,
                178,
                179,
                180,
                181,
                182,
                190,
                202,
                203,
                204,
                205,
                206,
                208,
                211,
                212,
                213,
                214,
                217,
                229,
                230,
                238,
                240,
                250,
                251,
                261,
                264,
                265,
                266,
                268
            ],
            "missing_lines": [
                102,
                187,
                188,
                231,
                232,
                233,
                234,
                236,
                262
            ],
            "summary": {
                "covered_lines": 92,
                "excluded_lines": 0,
                "missing_lines": 9,
                "num_statements": 101,
                "percent_covered": 91.08910891089108,
                "percent_covered_display": "91"
            }
        },
        "competition_dir/__init__.py": {
            "excluded_lines": [],
            "executed_lines": [
                1
            ],
            "missing_lines": [],
            "summary": {
                "covered_lines": 0,
                "excluded_lines": 0,
                "missing_lines": 0,
                "num_statements": 0,
                "percent_covered": 100.0,
                "percent_covered_display": "100"
            }
        },
        "competition_dir/asgi.py": {
            "excluded_lines": [],
            "executed_lines": [],
            "missing_lines": [
                10,
                12,
                14,
                16
            ],
            "summary": {
                "covered_lines": 0,
                "excluded_lines": 0,
                "missing_lines": 4,
                "num_statements": 4,
                "percent_covered": 0.0,
                "percent_covered_display": "0"
            }
        },
        "competition_dir/settings.py": {
            "excluded_lines": [],
            "executed_lines": [
                1,
                13,
                14,
                16,
                18,
                20,
                27,
                30,
                32,
                37,
                49,
                59,
                69,
                71,
                87,
                94,
                113,
                132,
                134,
                136,
                138,
                144,
                146,
                154,
                156,
                158
            ],
            "missing_lines": [],
            "summary": {
                "covered_lines": 25,
                "excluded_lines": 0,
                "missing_lines": 0,
                "num_statements": 25,
                "percent_covered": 100.0,
                "percent_covered_display": "100"
            }
        },
        "competition_dir/urls.py": {
            "excluded_lines": [],
            "executed_lines": [
                1,
                3,
                4,
                6
            ],
            "missing_lines": [],
            "summary": {
                "covered_lines": 3,
                "excluded_lines": 0,
                "missing_lines": 0,
                "num_statements": 3,
                "percent_covered": 100.0,
                "percent_covered_display": "100"
            }
        },
        "competition_dir/wsgi.py": {
            "excluded_lines": [],
            "executed_lines": [],
            "missing_lines": [
                10,
                12,
                14,
                16
            ],
            "summary": {
                "covered_lines": 0,
                "excluded_lines": 0,
                "missing_lines": 4,
                "num_statements": 4,
                "percent_covered": 0.0,
                "percent_covered_display": "0"
            }
        },
        "manage.py": {
            "excluded_lines": [],
            "executed_lines": [
                2,
                3,
                4,
                7,
                9,
                10,
                11,
                18,
                21,
                22
            ],
            "missing_lines": [
                12,
                13
            ],
            "summary": {
                "covered_lines": 9,
                "excluded_lines": 0,
                "missing_lines": 2,
                "num_statements": 11,
                "percent_covered": 81.81818181818181,
                "percent_covered_display": "82"
            }
        },
        "testing/runner.py": {
            "excluded_lines": [],
            "executed_lines": [
                1,
                2,
                3,
                5,
                6,
                7,
                10,
                16,
                17,
                20,
                21,
                23,
                33,
                34,
                35,
                36
            ],
            "missing_lines": [],
            "summary": {
                "covered_lines": 14,
                "excluded_lines": 0,
                "missing_lines": 0,
                "num_statements": 14,
                "percent_covered": 100.0,
                "percent_covered_display": "100"
            }
        },
        "testing/test_api.py": {
            "excluded_lines": [],
            "executed_lines": [
                1,
                2,
                4,
                5,
                6,
                7,
                8,
                10,
                13,
                25,
                26,
                28,
                29,
                35,
                36,
                38,
                39,
                44,
                48,
                49,
                50,
                51,
                56,
                58,
                59,
                60,
                61,
                62,
                64,
                72,
                73,
                74,
                76,
                78,
                80,
                82,
                84,
                102,
                104,
                105,
                107,
                108,
                110,
                111,
                112,
                114,
                116,
                117,
                119,
                120,
                122,
                124,
                129,
                131,
                136,
                139,
                144,
                145
            ],
            "missing_lines": [],
            "summary": {
                "covered_lines": 56,
                "excluded_lines": 0,
                "missing_lines": 0,
                "num_statements": 56,
                "percent_covered": 100.0,
                "percent_covered_display": "100"
            }
        },
        "testing/test_forms.py": {
            "excluded_lines": [],
            "executed_lines": [
                1,
                2,
                3,
                5,
                8,
                9,
                11,
                20,
                22,
                24,
                31,
                32,
                33,
                34,
                36,
                38,
                45,
                47,
                54,
                56,
                63,
                65,
                71,
                73,
                74,
                75
            ],
            "missing_lines": [],
            "summary": {
                "covered_lines": 24,
                "excluded_lines": 0,
                "missing_lines": 0,
                "num_statements": 24,
                "percent_covered": 100.0,
                "percent_covered_display": "100"
            }
        },
        "testing/test_models.py": {
            "excluded_lines": [],
            "executed_lines": [
                1,
                2,
                4,
                5,
                7,
                10,
                20,
                31,
                34,
                44,
                56,
                59,
                68,
                69,
                71,
                72,
                74,
                78,
                79,
                80,
                81,
                82,
                83,
                84,
                85,
                86,
                89,
                95,
                100,
                101,
                102,
                103,
                104,
                105,
                107,
                124,
                137,
                150,
                163,
                164,
                165,
                166,
                169,
                170,
                172,
                174,
                175,
                177,
                178,
                196,
                201,
                205,
                206,
                207,
                208,
                213,
                218,
                219,
                220,
                221,
                222,
                223,
                224,
                225,
                226,
                228,
                230,
                235,
                236,
                238,
                242,
                248,
                260,
                261,
                263,
                264,
                265,
                266,
                269,
                272,
                274,
                275,
                277,
                282,
                287,
                294,
                306,
                316,
                317,
                322,
                326,
                327,
                328,
                329,
                333,
                334,
                335,
                338,
                339,
                340,
                342,
                345,
                346,
                348,
                350,
                351,
                352,
                354,
                356
            ],
            "missing_lines": [
                26,
                27,
                28,
                29,
                30,
                50,
                51,
                52,
                53,
                54,
                55,
                76
            ],
            "summary": {
                "covered_lines": 105,
                "excluded_lines": 0,
                "missing_lines": 12,
                "num_statements": 117,
                "percent_covered": 89.74358974358974,
                "percent_covered_display": "90"
            }
        },
        "testing/test_views.py": {
            "excluded_lines": [],
            "executed_lines": [
                1,
                2,
                4,
                5,
                6,
                7,
                8,
                10,
                13,
                26,
                32,
                33,
                34,
                35,
                36,
                38,
                39,
                41,
                43,
                44,
                46,
                49,
                59,
                65,
                67,
                68,
                70,
                73,
                85,
                91,
                92,
                93,
                94,
                95,
                100,
                104,
                105,
                106,
                107,
                111,
                112,
                115,
                116,
                118,
                120,
                121,
                123,
                124,
                127,
                128,
                129,
                131,
                134,
                140,
                146,
                149,
                151,
                152,
                155,
                156,
                158,
                163,
                166
            ],
            "missing_lines": [],
            "summary": {
                "covered_lines": 62,
                "excluded_lines": 0,
                "missing_lines": 0,
                "num_statements": 62,
                "percent_covered": 100.0,
                "percent_covered_display": "100"
            }
        }
    },
    "meta": {
        "branch_coverage": false,
        "format": 2,
        "show_contexts": false,
        "timestamp": "2024-06-10T19:15:03.791131",
        "version": "7.5.2"
    },
    "totals": {
        "covered_lines": 611,
        "excluded_lines": 0,
        "missing_lines": 40,
        "num_statements": 651,
        "percent_covered": 93.85560675883256,
        "percent_covered_display": "94"
    }
}